This is pdfTeX, Version 3.14159265-2.6-1.40.16 (MiKTeX 2.9 64-bit) (preloaded format=pdflatex 2016.1.10)  1 SEP 2016 14:44
entering extended mode
**./frontespizio.tex
(frontespizio.tex
LaTeX2e <2015/10/01> patch level 2
Babel <3.9m> and hyphenation patterns for 69 languages loaded.

! LaTeX Error: Environment titlepage undefined.

See the LaTeX manual or LaTeX Companion for explanation.
Type  H <return>  for immediate help.
 ...                                              
                                                  
l.21 \begin{titlepage}
                      
Your command was ignored.
Type  I <command> <return>  to replace it with another command,
or  <return>  to continue without it.


! LaTeX Error: Missing \begin{document}.

See the LaTeX manual or LaTeX Companion for explanation.
Type  H <return>  for immediate help.
 ...                                              
                                                  
l.23 \begin{center}
                   
You're in trouble here.  Try typing  <return>  to proceed.
If that doesn't work, type  X <return>  to quit.


Overfull \hbox (20.0pt too wide) in paragraph at lines 23--23
[] 
 []


! LaTeX Error: Environment LARGE undefined.

See the LaTeX manual or LaTeX Companion for explanation.
Type  H <return>  for immediate help.
 ...                                              
                                                  
l.25 \begin{LARGE}
                  
Your command was ignored.
Type  I <command> <return>  to replace it with another command,
or  <return>  to continue without it.

Missing character: There is no Ã in font cmbx10!
Missing character: There is no   in font cmbx10!

Overfull \hbox (46.39003pt too wide) in paragraph at lines 26--26
 \OT1/cmr/bx/n/10 Universit 
 []


Overfull \hbox (23.7985pt too wide) in paragraph at lines 26--26
 \OT1/cmr/bx/n/10 degli 
 []


Overfull \hbox (26.83319pt too wide) in paragraph at lines 26--26
 \OT1/cmr/bx/n/10 Studi 
 []


Overfull \hbox (9.58328pt too wide) in paragraph at lines 26--26
 \OT1/cmr/bx/n/10 di 
 []


Overfull \hbox (35.97198pt too wide) in paragraph at lines 26--26
 \OT1/cmr/bx/n/10 Padova 
 []


! LaTeX Error: \begin{center} on input line 23 ended by \end{LARGE}.

See the LaTeX manual or LaTeX Companion for explanation.
Type  H <return>  for immediate help.
 ...                                              
                                                  
l.27 \end{LARGE}
                
Your command was ignored.
Type  I <command> <return>  to replace it with another command,
or  <return>  to continue without it.


! LaTeX Error: Environment Large undefined.

See the LaTeX manual or LaTeX Companion for explanation.
Type  H <return>  for immediate help.
 ...                                              
                                                  
l.31 \begin{Large}
                  
Your command was ignored.
Type  I <command> <return>  to replace it with another command,
or  <return>  to continue without it.


Overfull \hbox (68.09125pt too wide) in paragraph at lines 32--32
 []\OT1/cmr/m/sc/10 Dipartimento 
 []


Overfull \hbox (9.26663pt too wide) in paragraph at lines 32--32
 \OT1/cmr/m/sc/10 di 
 []


Overfull \hbox (38.0886pt too wide) in paragraph at lines 32--32
 \OT1/cmr/m/sc/10 Matem- 
 []


Overfull \hbox (15.15544pt too wide) in paragraph at lines 32--32
 \OT1/cmr/m/sc/10 at- 
 []


Overfull \hbox (15.06659pt too wide) in paragraph at lines 32--32
 \OT1/cmr/m/sc/10 ica 
 []


! LaTeX Error: \begin{center} on input line 23 ended by \end{Large}.

See the LaTeX manual or LaTeX Companion for explanation.
Type  H <return>  for immediate help.
 ...                                              
                                                  
l.33 \end{Large}
                
Your command was ignored.
Type  I <command> <return>  to replace it with another command,
or  <return>  to continue without it.


! LaTeX Error: Environment large undefined.

See the LaTeX manual or LaTeX Companion for explanation.
Type  H <return>  for immediate help.
 ...                                              
                                                  
l.37 \begin{large}
                  
Your command was ignored.
Type  I <command> <return>  to replace it with another command,
or  <return>  to continue without it.


Overfull \hbox (31.17206pt too wide) in paragraph at lines 38--38
 []\OT1/cmr/m/sc/10 Corso 
 []


Overfull \hbox (9.26663pt too wide) in paragraph at lines 38--38
 \OT1/cmr/m/sc/10 di 
 []


Overfull \hbox (22.65541pt too wide) in paragraph at lines 38--38
 \OT1/cmr/m/sc/10 Lau- 
 []


Overfull \hbox (17.73326pt too wide) in paragraph at lines 38--38
 \OT1/cmr/m/sc/10 rea 
 []


Overfull \hbox (9.15552pt too wide) in paragraph at lines 38--38
 \OT1/cmr/m/sc/10 in 
 []


Overfull \hbox (13.96655pt too wide) in paragraph at lines 38--38
 \OT1/cmr/m/sc/10 In- 
 []


Overfull \hbox (21.28879pt too wide) in paragraph at lines 38--38
 \OT1/cmr/m/sc/10 for- 
 []


Overfull \hbox (22.62207pt too wide) in paragraph at lines 38--38
 \OT1/cmr/m/sc/10 mat- 
 []


Overfull \hbox (15.06659pt too wide) in paragraph at lines 38--38
 \OT1/cmr/m/sc/10 ica 
 []


! LaTeX Error: \begin{center} on input line 23 ended by \end{large}.

See the LaTeX manual or LaTeX Companion for explanation.
Type  H <return>  for immediate help.
 ...                                              
                                                  
l.39 \end{large}
                
Your command was ignored.
Type  I <command> <return>  to replace it with another command,
or  <return>  to continue without it.


! LaTeX Error: Environment figure undefined.

See the LaTeX manual or LaTeX Companion for explanation.
Type  H <return>  for immediate help.
 ...                                              
                                                  
l.42 \begin{figure}
                   [htbp]
Your command was ignored.
Type  I <command> <return>  to replace it with another command,
or  <return>  to continue without it.

Missing character: There is no [ in font nullfont!
Missing character: There is no h in font nullfont!
Missing character: There is no t in font nullfont!
Missing character: There is no b in font nullfont!
Missing character: There is no p in font nullfont!
Missing character: There is no ] in font nullfont!
! Undefined control sequence.
l.44 \includegraphics
                     [height=6cm]{logo-unipd}
The control sequence at the end of the top line
of your error message was never \def'ed. If you have
misspelled it (e.g., `\hobx'), type `I' and the correct
spelling (e.g., `I\hbox'). Otherwise just continue,
and I'll forget about whatever was undefined.

Missing character: There is no [ in font nullfont!
Missing character: There is no h in font nullfont!
Missing character: There is no e in font nullfont!
Missing character: There is no i in font nullfont!
Missing character: There is no g in font nullfont!
Missing character: There is no h in font nullfont!
Missing character: There is no t in font nullfont!
Missing character: There is no = in font nullfont!
Missing character: There is no 6 in font nullfont!
Missing character: There is no c in font nullfont!
Missing character: There is no m in font nullfont!
Missing character: There is no ] in font nullfont!
Missing character: There is no l in font nullfont!
Missing character: There is no o in font nullfont!
Missing character: There is no g in font nullfont!
Missing character: There is no o in font nullfont!
Missing character: There is no - in font nullfont!
Missing character: There is no u in font nullfont!
Missing character: There is no n in font nullfont!
Missing character: There is no i in font nullfont!
Missing character: There is no p in font nullfont!
Missing character: There is no d in font nullfont!

! LaTeX Error: \begin{center} on input line 23 ended by \end{figure}.

See the LaTeX manual or LaTeX Companion for explanation.
Type  H <return>  for immediate help.
 ...                                              
                                                  
l.46 \end{figure}
                 
Your command was ignored.
Type  I <command> <return>  to replace it with another command,
or  <return>  to continue without it.


! LaTeX Error: Environment LARGE undefined.

See the LaTeX manual or LaTeX Companion for explanation.
Type  H <return>  for immediate help.
 ...                                              
                                                  
l.49 \begin{LARGE}
                  
Your command was ignored.
Type  I <command> <return>  to replace it with another command,
or  <return>  to continue without it.


Overfull \hbox (44.0831pt too wide) in paragraph at lines 51--51
 \OT1/cmr/bx/n/10 Sviluppo 
 []


Overfull \hbox (9.58328pt too wide) in paragraph at lines 51--51
 \OT1/cmr/bx/n/10 di 
 []


Overfull \hbox (12.77771pt too wide) in paragraph at lines 51--51
 \OT1/cmr/bx/n/10 un 
 []


Overfull \hbox (16.09988pt too wide) in paragraph at lines 51--51
 \OT1/cmr/bx/n/10 sis- 
 []


Overfull \hbox (24.91652pt too wide) in paragraph at lines 51--51
 \OT1/cmr/bx/n/10 tema 
 []


Overfull \hbox (24.27765pt too wide) in paragraph at lines 51--51
 \OT1/cmr/bx/n/10 com- 
 []


Overfull \hbox (25.07626pt too wide) in paragraph at lines 51--51
 \OT1/cmr/bx/n/10 pleto 
 []


Overfull \hbox (9.58328pt too wide) in paragraph at lines 51--51
 \OT1/cmr/bx/n/10 di 
 []


Overfull \hbox (16.61102pt too wide) in paragraph at lines 51--51
 \OT1/cmr/bx/n/10 up- 
 []


Overfull \hbox (21.72209pt too wide) in paragraph at lines 51--51
 \OT1/cmr/bx/n/10 date 
 []


Overfull \hbox (5.27081pt too wide) in paragraph at lines 51--51
 \OT1/cmr/bx/n/10 e 
 []


Overfull \hbox (13.4166pt too wide) in paragraph at lines 51--51
 \OT1/cmr/bx/n/10 in- 
 []


Overfull \hbox (21.62624pt too wide) in paragraph at lines 51--51
 \OT1/cmr/bx/n/10 stal- 
 []


Overfull \hbox (34.4998pt too wide) in paragraph at lines 51--51
 \OT1/cmr/bx/n/10 lazione 
 []


Overfull \hbox (16.71521pt too wide) in paragraph at lines 51--51
 \OT1/cmr/bx/n/10 per 
 []


Overfull \hbox (41.47202pt too wide) in paragraph at lines 51--51
 \OT1/cmr/bx/n/10 prodotti 
 []


Overfull \hbox (59.4858pt too wide) in paragraph at lines 51--51
 \OT1/cmr/bx/n/10 CAD/CAM 
 []


! LaTeX Error: \begin{center} on input line 23 ended by \end{LARGE}.

See the LaTeX manual or LaTeX Companion for explanation.
Type  H <return>  for immediate help.
 ...                                              
                                                  
l.53 \end{LARGE}
                
Your command was ignored.
Type  I <command> <return>  to replace it with another command,
or  <return>  to continue without it.


! LaTeX Error: Environment large undefined.

See the LaTeX manual or LaTeX Companion for explanation.
Type  H <return>  for immediate help.
 ...                                              
                                                  
l.57 \begin{large}
                  
Your command was ignored.
Type  I <command> <return>  to replace it with another command,
or  <return>  to continue without it.


Overfull \hbox (17.55556pt too wide) in paragraph at lines 58--58
 []\OT1/cmr/m/sl/10 Tesi 
 []


Overfull \hbox (8.33336pt too wide) in paragraph at lines 58--58
 \OT1/cmr/m/sl/10 di 
 []


Overfull \hbox (16.6667pt too wide) in paragraph at lines 58--58
 \OT1/cmr/m/sl/10 lau- 
 []


Overfull \hbox (13.36113pt too wide) in paragraph at lines 58--58
 \OT1/cmr/m/sl/10 rea 
 []


Overfull \hbox (13.91669pt too wide) in paragraph at lines 58--58
 \OT1/cmr/m/sl/10 tri- 
 []


Overfull \hbox (13.33334pt too wide) in paragraph at lines 58--58
 \OT1/cmr/m/sl/10 en- 
 []


Overfull \hbox (18.33798pt too wide) in paragraph at lines 58--58
 \OT1/cmr/m/sl/10 nale 
 []


! LaTeX Error: \begin{center} on input line 23 ended by \end{large}.

See the LaTeX manual or LaTeX Companion for explanation.
Type  H <return>  for immediate help.
 ...                                              
                                                  
l.59 \end{large}
                
Your command was ignored.
Type  I <command> <return>  to replace it with another command,
or  <return>  to continue without it.


! LaTeX Error: Environment large undefined.

See the LaTeX manual or LaTeX Companion for explanation.
Type  H <return>  for immediate help.
 ...                                              
                                                  
l.63 \begin{large}
                  
Your command was ignored.
Type  I <command> <return>  to replace it with another command,
or  <return>  to continue without it.


Overfull \hbox (36.54pt too wide) in paragraph at lines 65--65
\OT1/cmr/m/it/10 Relatore  
 []

Missing character: There is no P in font nullfont!
Missing character: There is no r in font nullfont!
Missing character: There is no o in font nullfont!
Missing character: There is no f in font nullfont!
Missing character: There is no . in font nullfont!
Missing character: There is no M in font nullfont!
Missing character: There is no a in font nullfont!
Missing character: There is no s in font nullfont!
Missing character: There is no s in font nullfont!
Missing character: There is no i in font nullfont!
Missing character: There is no m in font nullfont!
Missing character: There is no o in font nullfont!
Missing character: There is no M in font nullfont!
Missing character: There is no a in font nullfont!
Missing character: There is no r in font nullfont!
Missing character: There is no c in font nullfont!
Missing character: There is no h in font nullfont!
Missing character: There is no i in font nullfont!
Missing character: There is no o in font nullfont!
Missing character: There is no r in font nullfont!
Missing character: There is no i in font nullfont!

Overfull \hbox (45.61978pt too wide) in paragraph at lines 73--73
 \OT1/cmr/m/it/10 Laureando
 []

Missing character: There is no E in font nullfont!
Missing character: There is no d in font nullfont!
Missing character: There is no u in font nullfont!
Missing character: There is no a in font nullfont!
Missing character: There is no r in font nullfont!
Missing character: There is no d in font nullfont!
Missing character: There is no B in font nullfont!
Missing character: There is no i in font nullfont!
Missing character: There is no c in font nullfont!
Missing character: There is no e in font nullfont!
Missing character: There is no g in font nullfont!
Missing character: There is no o in font nullfont!

! LaTeX Error: \begin{center} on input line 23 ended by \end{large}.

See the LaTeX manual or LaTeX Companion for explanation.
Type  H <return>  for immediate help.
 ...                                              
                                                  
l.77 \end{large}
                
Your command was ignored.
Type  I <command> <return>  to replace it with another command,
or  <return>  to continue without it.


Overfull \hbox (338.0pt too wide) in paragraph at lines 81--81
 []| 
 []


! LaTeX Error: The font size command \normalsize is not defined:
               there is probably something wrong with the class file.

See the LaTeX manual or LaTeX Companion for explanation.
Type  H <return>  for immediate help.
 ...                                              
                                                  
l.82 \begin{normalsize}
                       
Your command was ignored.
Type  I <command> <return>  to replace it with another command,
or  <return>  to continue without it.


Overfull \hbox (26.76097pt too wide) in paragraph at lines 83--85
 []\OT1/cmr/m/sc/10 Anno 
 []


Overfull \hbox (17.53595pt too wide) in paragraph at lines 83--85
 \OT1/cmr/m/sc/10 Ac- 
 []


Overfull \hbox (15.82213pt too wide) in paragraph at lines 83--85
 \OT1/cmr/m/sc/10 ca- 
 []


Overfull \hbox (34.5776pt too wide) in paragraph at lines 83--85
 \OT1/cmr/m/sc/10 demico 
 []


Overfull \hbox (25.88864pt too wide) in paragraph at lines 83--85
 \OT1/cmr/m/sc/10 2015- 
 []


Overfull \hbox (22.1109pt too wide) in paragraph at lines 83--85
 \OT1/cmr/m/sc/10 2016 
 []


! LaTeX Error: \begin{document} ended by \end{titlepage}.

See the LaTeX manual or LaTeX Companion for explanation.
Type  H <return>  for immediate help.
 ...                                              
                                                  
l.87 \end{titlepage}
                    
Your command was ignored.
Type  I <command> <return>  to replace it with another command,
or  <return>  to continue without it.

)
! Emergency stop.
<*> ./frontespizio.tex
                      
*** (job aborted, no legal \end found)

 
Here is how much of TeX's memory you used:
 36 strings out of 493634
 362 string characters out of 3143741
 55604 words of memory out of 3000000
 3517 multiletter control sequences out of 15000+200000
 4948 words of font info for 18 fonts, out of 3000000 for 9000
 1025 hyphenation exceptions out of 8191
 13i,1n,10p,143b,166s stack positions out of 5000i,500n,10000p,200000b,50000s
!  ==> Fatal error occurred, no output PDF file produced!
