This is pdfTeX, Version 3.14159265-2.6-1.40.16 (MiKTeX 2.9 64-bit) (preloaded format=pdflatex 2016.1.10)  5 SEP 2016 18:42
entering extended mode
**./Ringraziamenti.tex
(Ringraziamenti.tex
LaTeX2e <2015/10/01> patch level 2
Babel <3.9m> and hyphenation patterns for 69 languages loaded.
! Undefined control sequence.
l.10 \phantomsection
                    
The control sequence at the end of the top line
of your error message was never \def'ed. If you have
misspelled it (e.g., `\hobx'), type `I' and the correct
spelling (e.g., `I\hbox'). Otherwise just continue,
and I'll forget about whatever was undefined.

! Undefined control sequence.
l.11 \pdfbookmark
                 {Ringraziamenti}{ringraziamenti}
The control sequence at the end of the top line
of your error message was never \def'ed. If you have
misspelled it (e.g., `\hobx'), type `I' and the correct
spelling (e.g., `I\hbox'). Otherwise just continue,
and I'll forget about whatever was undefined.


! LaTeX Error: Missing \begin{document}.

See the LaTeX manual or LaTeX Companion for explanation.
Type  H <return>  for immediate help.
 ...                                              
                                                  
l.11 \pdfbookmark{R
                   ingraziamenti}{ringraziamenti}
You're in trouble here.  Try typing  <return>  to proceed.
If that doesn't work, type  X <return>  to quit.

Missing character: There is no R in font nullfont!
Missing character: There is no i in font nullfont!
Missing character: There is no n in font nullfont!
Missing character: There is no g in font nullfont!
Missing character: There is no r in font nullfont!
Missing character: There is no a in font nullfont!
Missing character: There is no z in font nullfont!
Missing character: There is no i in font nullfont!
Missing character: There is no a in font nullfont!
Missing character: There is no m in font nullfont!
Missing character: There is no e in font nullfont!
Missing character: There is no n in font nullfont!
Missing character: There is no t in font nullfont!
Missing character: There is no i in font nullfont!
Missing character: There is no r in font nullfont!
Missing character: There is no i in font nullfont!
Missing character: There is no n in font nullfont!
Missing character: There is no g in font nullfont!
Missing character: There is no r in font nullfont!
Missing character: There is no a in font nullfont!
Missing character: There is no z in font nullfont!
Missing character: There is no i in font nullfont!
Missing character: There is no a in font nullfont!
Missing character: There is no m in font nullfont!
Missing character: There is no e in font nullfont!
Missing character: There is no n in font nullfont!
Missing character: There is no t in font nullfont!
Missing character: There is no i in font nullfont!

Overfull \hbox (20.0pt too wide) in paragraph at lines 11--12
[] 
 []

! Undefined control sequence.
l.18 \chapter
             *{Ringraziamenti}
The control sequence at the end of the top line
of your error message was never \def'ed. If you have
misspelled it (e.g., `\hobx'), type `I' and the correct
spelling (e.g., `I\hbox'). Otherwise just continue,
and I'll forget about whatever was undefined.


! LaTeX Error: Missing \begin{document}.

See the LaTeX manual or LaTeX Companion for explanation.
Type  H <return>  for immediate help.
 ...                                              
                                                  
l.18 \chapter*
              {Ringraziamenti}
You're in trouble here.  Try typing  <return>  to proceed.
If that doesn't work, type  X <return>  to quit.

Missing character: There is no * in font nullfont!
Missing character: There is no R in font nullfont!
Missing character: There is no i in font nullfont!
Missing character: There is no n in font nullfont!
Missing character: There is no g in font nullfont!
Missing character: There is no r in font nullfont!
Missing character: There is no a in font nullfont!
Missing character: There is no z in font nullfont!
Missing character: There is no i in font nullfont!
Missing character: There is no a in font nullfont!
Missing character: There is no m in font nullfont!
Missing character: There is no e in font nullfont!
Missing character: There is no n in font nullfont!
Missing character: There is no t in font nullfont!
Missing character: There is no i in font nullfont!

Overfull \hbox (20.0pt too wide) in paragraph at lines 18--19
[] 
 []


! LaTeX Error: Missing \begin{document}.

See the LaTeX manual or LaTeX Companion for explanation.
Type  H <return>  for immediate help.
 ...                                              
                                                  
l.20 \noindent
               \textit{Desidero ringraziare tutti coloro che in questo perco...

You're in trouble here.  Try typing  <return>  to proceed.
If that doesn't work, type  X <return>  to quit.


Overfull \hbox (37.83305pt too wide) in paragraph at lines 20--21
\OT1/cmr/m/it/10 Desidero
 []


Overfull \hbox (46.89409pt too wide) in paragraph at lines 20--21
\OT1/cmr/m/it/10 ringraziare
 []


Overfull \hbox (18.39986pt too wide) in paragraph at lines 20--21
\OT1/cmr/m/it/10 tutti
 []


Overfull \hbox (15.3332pt too wide) in paragraph at lines 20--21
\OT1/cmr/m/it/10 col-
 []


Overfull \hbox (13.92767pt too wide) in paragraph at lines 20--21
\OT1/cmr/m/it/10 oro
 []


Overfull \hbox (14.311pt too wide) in paragraph at lines 20--21
\OT1/cmr/m/it/10 che
 []


Overfull \hbox (8.68884pt too wide) in paragraph at lines 20--21
\OT1/cmr/m/it/10 in
 []


Overfull \hbox (27.0887pt too wide) in paragraph at lines 20--21
\OT1/cmr/m/it/10 questo
 []


Overfull \hbox (16.9943pt too wide) in paragraph at lines 20--21
\OT1/cmr/m/it/10 per-
 []


Overfull \hbox (22.6165pt too wide) in paragraph at lines 20--21
\OT1/cmr/m/it/10 corso
 []


Overfull \hbox (17.63322pt too wide) in paragraph at lines 20--21
\OT1/cmr/m/it/10 uni-
 []


Overfull \hbox (16.9943pt too wide) in paragraph at lines 20--21
\OT1/cmr/m/it/10 ver-
 []


Overfull \hbox (10.73326pt too wide) in paragraph at lines 20--21
\OT1/cmr/m/it/10 si-
 []


Overfull \hbox (20.82764pt too wide) in paragraph at lines 20--21
\OT1/cmr/m/it/10 tario
 []


Overfull \hbox (26.57764pt too wide) in paragraph at lines 20--21
\OT1/cmr/m/it/10 hanno
 []


Overfull \hbox (18.39986pt too wide) in paragraph at lines 20--21
\OT1/cmr/m/it/10 con-
 []


Overfull \hbox (11.75548pt too wide) in paragraph at lines 20--21
\OT1/cmr/m/it/10 di-
 []


Overfull \hbox (16.86656pt too wide) in paragraph at lines 20--21
\OT1/cmr/m/it/10 viso
 []


Overfull \hbox (16.09991pt too wide) in paragraph at lines 20--21
\OT1/cmr/m/it/10 una
 []


Overfull \hbox (21.84982pt too wide) in paragraph at lines 20--21
\OT1/cmr/m/it/10 parte
 []


Overfull \hbox (12.26659pt too wide) in paragraph at lines 20--21
\OT1/cmr/m/it/10 del
 []


Overfull \hbox (20.9554pt too wide) in paragraph at lines 20--21
\OT1/cmr/m/it/10 cam-
 []


Overfull \hbox (21.97766pt too wide) in paragraph at lines 20--21
\OT1/cmr/m/it/10 mino
 []


Overfull \hbox (22.6165pt too wide) in paragraph at lines 20--21
\OT1/cmr/m/it/10 verso
 []


Overfull \hbox (5.6222pt too wide) in paragraph at lines 20--21
\OT1/cmr/m/it/10 il
 []


Overfull \hbox (29.13318pt too wide) in paragraph at lines 20--21
\OT1/cmr/m/it/10 mondo
 []


Overfull \hbox (12.26659pt too wide) in paragraph at lines 20--21
\OT1/cmr/m/it/10 in-
 []


Overfull \hbox (15.9721pt too wide) in paragraph at lines 20--21
\OT1/cmr/m/it/10 for-
 []


Overfull \hbox (28.87758pt too wide) in paragraph at lines 20--21
\OT1/cmr/m/it/10 matico
 []


Overfull \hbox (12.26659pt too wide) in paragraph at lines 20--21
\OT1/cmr/m/it/10 in-
 []


Overfull \hbox (24.53317pt too wide) in paragraph at lines 20--21
\OT1/cmr/m/it/10 sieme
 []


Overfull \hbox (5.11108pt too wide) in paragraph at lines 20--21
\OT1/cmr/m/it/10 a
 []


Overfull \hbox (15.84435pt too wide) in paragraph at lines 20--21
\OT1/cmr/m/it/10 me.
 []


Overfull \hbox (9.47772pt too wide) in paragraph at lines 20--21
\OT1/cmr/m/it/10 In
 []


Overfull \hbox (17.50542pt too wide) in paragraph at lines 20--21
\OT1/cmr/m/it/10 par-
 []


Overfull \hbox (9.96658pt too wide) in paragraph at lines 20--21
\OT1/cmr/m/it/10 ti-
 []


Overfull \hbox (12.77766pt too wide) in paragraph at lines 20--21
\OT1/cmr/m/it/10 co-
 []


Overfull \hbox (15.97209pt too wide) in paragraph at lines 20--21
\OT1/cmr/m/it/10 lare
 []


Overfull \hbox (38.58862pt too wide) in paragraph at lines 20--21
\OT1/cmr/m/it/10 ringrazio
 []


Overfull \hbox (5.6222pt too wide) in paragraph at lines 20--21
\OT1/cmr/m/it/10 il
 []


Overfull \hbox (21.73318pt too wide) in paragraph at lines 20--21
\OT1/cmr/m/it/10 Prof.
 []


Overfull \hbox (21.74431pt too wide) in paragraph at lines 20--21
\OT1/cmr/m/it/10 Mas-
 []


Overfull \hbox (20.44434pt too wide) in paragraph at lines 20--21
\OT1/cmr/m/it/10 simo
 []


Overfull \hbox (21.87207pt too wide) in paragraph at lines 20--21
\OT1/cmr/m/it/10 Mar-
 []


Overfull \hbox (28.23871pt too wide) in paragraph at lines 20--21
\OT1/cmr/m/it/10 chiori,
 []


Overfull \hbox (11.88321pt too wide) in paragraph at lines 20--21
\OT1/cmr/m/it/10 re-
 []


Overfull \hbox (11.24437pt too wide) in paragraph at lines 20--21
\OT1/cmr/m/it/10 la-
 []


Overfull \hbox (16.73874pt too wide) in paragraph at lines 20--21
\OT1/cmr/m/it/10 tore
 []


Overfull \hbox (20.44432pt too wide) in paragraph at lines 20--21
\OT1/cmr/m/it/10 della
 []


Overfull \hbox (16.35547pt too wide) in paragraph at lines 20--21
\OT1/cmr/m/it/10 mia
 []


Overfull \hbox (18.14432pt too wide) in paragraph at lines 20--21
\OT1/cmr/m/it/10 tesi,
 []


Overfull \hbox (13.41655pt too wide) in paragraph at lines 20--21
\OT1/cmr/m/it/10 per
 []


Overfull \hbox (7.66663pt too wide) in paragraph at lines 20--21
\OT1/cmr/m/it/10 la
 []


Overfull \hbox (14.56659pt too wide) in paragraph at lines 20--21
\OT1/cmr/m/it/10 sua
 []


Overfull \hbox (14.82213pt too wide) in paragraph at lines 20--21
\OT1/cmr/m/it/10 im-
 []


Overfull \hbox (27.59984pt too wide) in paragraph at lines 20--21
\OT1/cmr/m/it/10 mensa
 []


Overfull \hbox (17.37766pt too wide) in paragraph at lines 20--21
\OT1/cmr/m/it/10 pas-
 []


Overfull \hbox (22.48875pt too wide) in paragraph at lines 20--21
\OT1/cmr/m/it/10 sione
 []


Overfull \hbox (77.94394pt too wide) in paragraph at lines 20--21
\OT1/cmr/m/it/10 nell'insegnamento
 []


Overfull \hbox (4.59996pt too wide) in paragraph at lines 20--21
\OT1/cmr/m/it/10 e
 []


Overfull \hbox (5.6222pt too wide) in paragraph at lines 20--21
\OT1/cmr/m/it/10 il
 []


Overfull \hbox (29.00536pt too wide) in paragraph at lines 20--21
\OT1/cmr/m/it/10 gruppo
 []


Overfull \hbox (21.09427pt too wide) in paragraph at lines 20--21
\OT1/cmr/m/it/10 Leaf:
 []


Overfull \hbox (16.37766pt too wide) in paragraph at lines 20--21
\OT1/cmr/m/it/10 An-
 []


Overfull \hbox (21.08316pt too wide) in paragraph at lines 20--21
\OT1/cmr/m/it/10 drea,
 []


Overfull \hbox (16.23877pt too wide) in paragraph at lines 20--21
\OT1/cmr/m/it/10 Da-
 []


Overfull \hbox (20.4443pt too wide) in paragraph at lines 20--21
\OT1/cmr/m/it/10 vide,
 []


Overfull \hbox (22.1054pt too wide) in paragraph at lines 20--21
\OT1/cmr/m/it/10 Cris-
 []


Overfull \hbox (20.18877pt too wide) in paragraph at lines 20--21
\OT1/cmr/m/it/10 tian,
 []


Overfull \hbox (18.53873pt too wide) in paragraph at lines 20--21
\OT1/cmr/m/it/10 Fed-
 []


Overfull \hbox (24.14981pt too wide) in paragraph at lines 20--21
\OT1/cmr/m/it/10 erico,
 []


Overfull \hbox (26.98312pt too wide) in paragraph at lines 20--21
\OT1/cmr/m/it/10 Marco
 []


Overfull \hbox (4.59996pt too wide) in paragraph at lines 20--21
\OT1/cmr/m/it/10 e
 []


Overfull \hbox (15.33324pt too wide) in paragraph at lines 20--21
\OT1/cmr/m/it/10 Os-
 []


Overfull \hbox (13.41655pt too wide) in paragraph at lines 20--21
\OT1/cmr/m/it/10 car
 []


Overfull \hbox (13.41655pt too wide) in paragraph at lines 20--21
\OT1/cmr/m/it/10 per
 []


Overfull \hbox (7.66663pt too wide) in paragraph at lines 20--21
\OT1/cmr/m/it/10 la
 []


Overfull \hbox (15.07767pt too wide) in paragraph at lines 20--21
\OT1/cmr/m/it/10 fat-
 []


Overfull \hbox (12.26657pt too wide) in paragraph at lines 20--21
\OT1/cmr/m/it/10 ica
 []


Overfull \hbox (4.59996pt too wide) in paragraph at lines 20--21
\OT1/cmr/m/it/10 e
 []


Overfull \hbox (7.66663pt too wide) in paragraph at lines 20--21
\OT1/cmr/m/it/10 la
 []


Overfull \hbox (20.95543pt too wide) in paragraph at lines 20--21
\OT1/cmr/m/it/10 gioia
 []


Overfull \hbox (18.39986pt too wide) in paragraph at lines 20--21
\OT1/cmr/m/it/10 con-
 []


Overfull \hbox (11.75548pt too wide) in paragraph at lines 20--21
\OT1/cmr/m/it/10 di-
 []


Overfull \hbox (16.86656pt too wide) in paragraph at lines 20--21
\OT1/cmr/m/it/10 visa
 []


Overfull \hbox (49.57747pt too wide) in paragraph at lines 20--21
\OT1/cmr/m/it/10 quest'anno. 
 []


! LaTeX Error: Missing \begin{document}.

See the LaTeX manual or LaTeX Companion for explanation.
Type  H <return>  for immediate help.
 ...                                              
                                                  
l.22 \noindent
               \textit{Ringrazio con affetto i miei genitori: Gianpaolo e Ro...

You're in trouble here.  Try typing  <return>  to proceed.
If that doesn't work, type  X <return>  to quit.


Overfull \hbox (41.41083pt too wide) in paragraph at lines 22--23
\OT1/cmr/m/it/10 Ringrazio
 []


Overfull \hbox (14.82211pt too wide) in paragraph at lines 22--23
\OT1/cmr/m/it/10 con
 []


Overfull \hbox (11.75548pt too wide) in paragraph at lines 22--23
\OT1/cmr/m/it/10 af-
 []


Overfull \hbox (19.42207pt too wide) in paragraph at lines 22--23
\OT1/cmr/m/it/10 fetto
 []


Overfull \hbox (3.06665pt too wide) in paragraph at lines 22--23
\OT1/cmr/m/it/10 i
 []


Overfull \hbox (18.911pt too wide) in paragraph at lines 22--23
\OT1/cmr/m/it/10 miei
 []


Overfull \hbox (18.39986pt too wide) in paragraph at lines 22--23
\OT1/cmr/m/it/10 gen-
 []


Overfull \hbox (6.6444pt too wide) in paragraph at lines 22--23
\OT1/cmr/m/it/10 i-
 []


Overfull \hbox (18.7832pt too wide) in paragraph at lines 22--23
\OT1/cmr/m/it/10 tori:
 []


Overfull \hbox (14.38046pt too wide) in paragraph at lines 22--23
\OT1/cmr/m/it/10 Gi-
 []


Overfull \hbox (14.31102pt too wide) in paragraph at lines 22--23
\OT1/cmr/m/it/10 an-
 []


Overfull \hbox (22.48875pt too wide) in paragraph at lines 22--23
\OT1/cmr/m/it/10 paolo
 []


Overfull \hbox (4.59996pt too wide) in paragraph at lines 22--23
\OT1/cmr/m/it/10 e
 []


Overfull \hbox (35.40533pt too wide) in paragraph at lines 22--23
\OT1/cmr/m/it/10 Rossella
 []


Overfull \hbox (13.41655pt too wide) in paragraph at lines 22--23
\OT1/cmr/m/it/10 per
 []


Overfull \hbox (37.94975pt too wide) in paragraph at lines 22--23
\OT1/cmr/m/it/10 l'enorme
 []


Overfull \hbox (36.03308pt too wide) in paragraph at lines 22--23
\OT1/cmr/m/it/10 sostegno
 []


Overfull \hbox (4.59996pt too wide) in paragraph at lines 22--23
\OT1/cmr/m/it/10 e
 []


Overfull \hbox (44.46642pt too wide) in paragraph at lines 22--23
\OT1/cmr/m/it/10 l'immenso
 []


Overfull \hbox (21.97765pt too wide) in paragraph at lines 22--23
\OT1/cmr/m/it/10 aiuto
 []


Overfull \hbox (12.7777pt too wide) in paragraph at lines 22--23
\OT1/cmr/m/it/10 nel
 []


Overfull \hbox (18.39986pt too wide) in paragraph at lines 22--23
\OT1/cmr/m/it/10 con-
 []


Overfull \hbox (29.51642pt too wide) in paragraph at lines 22--23
\OT1/cmr/m/it/10 seguire
 []


Overfull \hbox (27.0887pt too wide) in paragraph at lines 22--23
\OT1/cmr/m/it/10 questo
 []


Overfull \hbox (16.35544pt too wide) in paragraph at lines 22--23
\OT1/cmr/m/it/10 obi-
 []


Overfull \hbox (11.4999pt too wide) in paragraph at lines 22--23
\OT1/cmr/m/it/10 et-
 []


Overfull \hbox (19.16653pt too wide) in paragraph at lines 22--23
\OT1/cmr/m/it/10 tivo. 
 []


! LaTeX Error: Missing \begin{document}.

See the LaTeX manual or LaTeX Companion for explanation.
Type  H <return>  for immediate help.
 ...                                              
                                                  
l.24 \noindent
               \textit{Ringrazio i miei amici e lo stupenda famiglia dell'A\...

You're in trouble here.  Try typing  <return>  to proceed.
If that doesn't work, type  X <return>  to quit.

LaTeX Font Info:    External font `cmex10' loaded for size
(Font)              <7> on input line 24.
LaTeX Font Info:    External font `cmex10' loaded for size
(Font)              <5> on input line 24.

Overfull \hbox (41.41083pt too wide) in paragraph at lines 24--25
\OT1/cmr/m/it/10 Ringrazio
 []


Overfull \hbox (3.06665pt too wide) in paragraph at lines 24--25
\OT1/cmr/m/it/10 i
 []


Overfull \hbox (18.911pt too wide) in paragraph at lines 24--25
\OT1/cmr/m/it/10 miei
 []


Overfull \hbox (16.86656pt too wide) in paragraph at lines 24--25
\OT1/cmr/m/it/10 am-
 []


Overfull \hbox (10.73326pt too wide) in paragraph at lines 24--25
\OT1/cmr/m/it/10 ici
 []


Overfull \hbox (4.59996pt too wide) in paragraph at lines 24--25
\OT1/cmr/m/it/10 e
 []


Overfull \hbox (7.66663pt too wide) in paragraph at lines 24--25
\OT1/cmr/m/it/10 lo
 []


Overfull \hbox (16.35544pt too wide) in paragraph at lines 24--25
\OT1/cmr/m/it/10 stu-
 []


Overfull \hbox (25.04428pt too wide) in paragraph at lines 24--25
\OT1/cmr/m/it/10 penda
 []


Overfull \hbox (34.75536pt too wide) in paragraph at lines 24--25
\OT1/cmr/m/it/10 famiglia
 []


Overfull \hbox (61.26636pt too wide) in paragraph at lines 24--25
\OT1/cmr/m/it/10 dell'A$[]$CMMS
 []


Overfull \hbox (14.311pt too wide) in paragraph at lines 24--25
\OT1/cmr/m/it/10 che
 []


Overfull \hbox (8.68884pt too wide) in paragraph at lines 24--25
\OT1/cmr/m/it/10 in
 []


Overfull \hbox (25.04427pt too wide) in paragraph at lines 24--25
\OT1/cmr/m/it/10 questi
 []


Overfull \hbox (19.42212pt too wide) in paragraph at lines 24--25
\OT1/cmr/m/it/10 anni
 []


Overfull \hbox (10.22217pt too wide) in paragraph at lines 24--25
\OT1/cmr/m/it/10 ha
 []


Overfull \hbox (18.39986pt too wide) in paragraph at lines 24--25
\OT1/cmr/m/it/10 con-
 []


Overfull \hbox (17.88876pt too wide) in paragraph at lines 24--25
\OT1/cmr/m/it/10 sen-
 []


Overfull \hbox (14.82211pt too wide) in paragraph at lines 24--25
\OT1/cmr/m/it/10 tito
 []


Overfull \hbox (7.66663pt too wide) in paragraph at lines 24--25
\OT1/cmr/m/it/10 la
 []


Overfull \hbox (16.35547pt too wide) in paragraph at lines 24--25
\OT1/cmr/m/it/10 mia
 []


Overfull \hbox (33.09418pt too wide) in paragraph at lines 24--25
\OT1/cmr/m/it/10 crescita
 []


Overfull \hbox (16.9943pt too wide) in paragraph at lines 24--25
\OT1/cmr/m/it/10 per-
 []


Overfull \hbox (18.39989pt too wide) in paragraph at lines 24--25
\OT1/cmr/m/it/10 son-
 []


Overfull \hbox (12.26659pt too wide) in paragraph at lines 24--25
\OT1/cmr/m/it/10 ale
 []


Overfull \hbox (8.68884pt too wide) in paragraph at lines 24--25
\OT1/cmr/m/it/10 in
 []


Overfull \hbox (10.98883pt too wide) in paragraph at lines 24--25
\OT1/cmr/m/it/10 un
 []


Overfull \hbox (17.50542pt too wide) in paragraph at lines 24--25
\OT1/cmr/m/it/10 vor-
 []


Overfull \hbox (15.07764pt too wide) in paragraph at lines 24--25
\OT1/cmr/m/it/10 tice
 []


Overfull \hbox (8.17773pt too wide) in paragraph at lines 24--25
\OT1/cmr/m/it/10 di
 []


Overfull \hbox (12.26659pt too wide) in paragraph at lines 24--25
\OT1/cmr/m/it/10 in-
 []


Overfull \hbox (22.23317pt too wide) in paragraph at lines 24--25
\OT1/cmr/m/it/10 tense
 []


Overfull \hbox (12.26657pt too wide) in paragraph at lines 24--25
\OT1/cmr/m/it/10 es-
 []


Overfull \hbox (12.77766pt too wide) in paragraph at lines 24--25
\OT1/cmr/m/it/10 pe-
 []


Overfull \hbox (29.26091pt too wide) in paragraph at lines 24--25
\OT1/cmr/m/it/10 rienze. 
 []


! LaTeX Error: Missing \begin{document}.

See the LaTeX manual or LaTeX Companion for explanation.
Type  H <return>  for immediate help.
 ...                                              
                                                  
l.26 \noindent
               \textit{Ringrazio poi il mio tutor aziendale Alberto Conz e i...

You're in trouble here.  Try typing  <return>  to proceed.
If that doesn't work, type  X <return>  to quit.


Overfull \hbox (41.41083pt too wide) in paragraph at lines 26--27
\OT1/cmr/m/it/10 Ringrazio
 []


Overfull \hbox (12.7777pt too wide) in paragraph at lines 26--27
\OT1/cmr/m/it/10 poi
 []


Overfull \hbox (5.6222pt too wide) in paragraph at lines 26--27
\OT1/cmr/m/it/10 il
 []


Overfull \hbox (16.35547pt too wide) in paragraph at lines 26--27
\OT1/cmr/m/it/10 mio
 []


Overfull \hbox (12.26657pt too wide) in paragraph at lines 26--27
\OT1/cmr/m/it/10 tu-
 []


Overfull \hbox (12.6499pt too wide) in paragraph at lines 26--27
\OT1/cmr/m/it/10 tor
 []


Overfull \hbox (26.0665pt too wide) in paragraph at lines 26--27
\OT1/cmr/m/it/10 azien-
 []


Overfull \hbox (17.37767pt too wide) in paragraph at lines 26--27
\OT1/cmr/m/it/10 dale
 []


Overfull \hbox (13.311pt too wide) in paragraph at lines 26--27
\OT1/cmr/m/it/10 Al-
 []


Overfull \hbox (21.3387pt too wide) in paragraph at lines 26--27
\OT1/cmr/m/it/10 berto
 []


Overfull \hbox (21.97765pt too wide) in paragraph at lines 26--27
\OT1/cmr/m/it/10 Conz
 []


Overfull \hbox (4.59996pt too wide) in paragraph at lines 26--27
\OT1/cmr/m/it/10 e
 []


Overfull \hbox (5.6222pt too wide) in paragraph at lines 26--27
\OT1/cmr/m/it/10 il
 []


Overfull \hbox (14.56659pt too wide) in paragraph at lines 26--27
\OT1/cmr/m/it/10 suo
 []


Overfull \hbox (15.3332pt too wide) in paragraph at lines 26--27
\OT1/cmr/m/it/10 col-
 []


Overfull \hbox (16.35542pt too wide) in paragraph at lines 26--27
\OT1/cmr/m/it/10 lega
 []


Overfull \hbox (16.23877pt too wide) in paragraph at lines 26--27
\OT1/cmr/m/it/10 Da-
 []


Overfull \hbox (17.37766pt too wide) in paragraph at lines 26--27
\OT1/cmr/m/it/10 vide
 []


Overfull \hbox (14.44989pt too wide) in paragraph at lines 26--27
\OT1/cmr/m/it/10 Fa-
 []


Overfull \hbox (16.86658pt too wide) in paragraph at lines 26--27
\OT1/cmr/m/it/10 solo
 []


Overfull \hbox (13.41655pt too wide) in paragraph at lines 26--27
\OT1/cmr/m/it/10 per
 []


Overfull \hbox (3.06665pt too wide) in paragraph at lines 26--27
\OT1/cmr/m/it/10 i
 []


Overfull \hbox (14.56657pt too wide) in paragraph at lines 26--27
\OT1/cmr/m/it/10 nu-
 []


Overfull \hbox (28.7498pt too wide) in paragraph at lines 26--27
\OT1/cmr/m/it/10 merosi
 []


Overfull \hbox (12.26659pt too wide) in paragraph at lines 26--27
\OT1/cmr/m/it/10 in-
 []


Overfull \hbox (16.35541pt too wide) in paragraph at lines 26--27
\OT1/cmr/m/it/10 seg-
 []


Overfull \hbox (14.31102pt too wide) in paragraph at lines 26--27
\OT1/cmr/m/it/10 na-
 []


Overfull \hbox (24.78873pt too wide) in paragraph at lines 26--27
\OT1/cmr/m/it/10 menti
 []


Overfull \hbox (4.59996pt too wide) in paragraph at lines 26--27
\OT1/cmr/m/it/10 e
 []


Overfull \hbox (26.57762pt too wide) in paragraph at lines 26--27
\OT1/cmr/m/it/10 spunti
 []


Overfull \hbox (19.54982pt too wide) in paragraph at lines 26--27
\OT1/cmr/m/it/10 rice-
 []


Overfull \hbox (16.35544pt too wide) in paragraph at lines 26--27
\OT1/cmr/m/it/10 vuti
 []


Overfull \hbox (14.05547pt too wide) in paragraph at lines 26--27
\OT1/cmr/m/it/10 du-
 []


Overfull \hbox (22.36093pt too wide) in paragraph at lines 26--27
\OT1/cmr/m/it/10 rante
 []


Overfull \hbox (20.44429pt too wide) in paragraph at lines 26--27
\OT1/cmr/m/it/10 tutto
 []


Overfull \hbox (5.6222pt too wide) in paragraph at lines 26--27
\OT1/cmr/m/it/10 il
 []


Overfull \hbox (12.77766pt too wide) in paragraph at lines 26--27
\OT1/cmr/m/it/10 pe-
 []


Overfull \hbox (10.86102pt too wide) in paragraph at lines 26--27
\OT1/cmr/m/it/10 ri-
 []


Overfull \hbox (14.82213pt too wide) in paragraph at lines 26--27
\OT1/cmr/m/it/10 odo
 []


Overfull \hbox (8.17773pt too wide) in paragraph at lines 26--27
\OT1/cmr/m/it/10 di
 []


Overfull \hbox (24.78871pt too wide) in paragraph at lines 26--27
\OT1/cmr/m/it/10 stage. 
 []


! LaTeX Error: The font size command \normalsize is not defined:
               there is probably something wrong with the class file.

See the LaTeX manual or LaTeX Companion for explanation.
Type  H <return>  for immediate help.
 ...                                              
                                                  
l.27 
     
Your command was ignored.
Type  I <command> <return>  to replace it with another command,
or  <return>  to continue without it.

[1

{C:/Users/Eduard/AppData/Local/MiKTeX/2.9/pdftex/config/pdftex.map

pdfTeX warning: pdflatex (file C:/Users/Eduard/AppData/Local/MiKTeX/2.9/pdftex/
config/pdftex.map): invalid entry for `\def\filedate{2015/12/30}': both ps_name
 and font file missing


pdfTeX warning: pdflatex (file C:/Users/Eduard/AppData/Local/MiKTeX/2.9/pdftex/
config/pdftex.map): invalid entry for `\def\fileversion{1.2}': both ps_name and
 font file missing
}]

! LaTeX Error: Missing \begin{document}.

See the LaTeX manual or LaTeX Companion for explanation.
Type  H <return>  for immediate help.
 ...                                              
                                                  
l.28 \noindent
               \textit{Infine desidero ringraziare chiunque, anche se solo p...

You're in trouble here.  Try typing  <return>  to proceed.
If that doesn't work, type  X <return>  to quit.

Missing character: There is no Ã in font cmti10!
Missing character: There is no   in font cmti10!

Overfull \hbox (25.32207pt too wide) in paragraph at lines 28--30
\OT1/cmr/m/it/10 Infine
 []


Overfull \hbox (35.3942pt too wide) in paragraph at lines 28--30
\OT1/cmr/m/it/10 desidero
 []


Overfull \hbox (46.89409pt too wide) in paragraph at lines 28--30
\OT1/cmr/m/it/10 ringraziare
 []


Overfull \hbox (16.35544pt too wide) in paragraph at lines 28--30
\OT1/cmr/m/it/10 chi-
 []


Overfull \hbox (28.62204pt too wide) in paragraph at lines 28--30
\OT1/cmr/m/it/10 unque,
 []


Overfull \hbox (14.31102pt too wide) in paragraph at lines 28--30
\OT1/cmr/m/it/10 an-
 []


Overfull \hbox (14.311pt too wide) in paragraph at lines 28--30
\OT1/cmr/m/it/10 che
 []


Overfull \hbox (8.68883pt too wide) in paragraph at lines 28--30
\OT1/cmr/m/it/10 se
 []


Overfull \hbox (16.86658pt too wide) in paragraph at lines 28--30
\OT1/cmr/m/it/10 solo
 []


Overfull \hbox (13.41655pt too wide) in paragraph at lines 28--30
\OT1/cmr/m/it/10 per
 []


Overfull \hbox (10.98883pt too wide) in paragraph at lines 28--30
\OT1/cmr/m/it/10 un
 []


Overfull \hbox (16.86656pt too wide) in paragraph at lines 28--30
\OT1/cmr/m/it/10 mo-
 []


Overfull \hbox (29.89981pt too wide) in paragraph at lines 28--30
\OT1/cmr/m/it/10 mento,
 []


Overfull \hbox (11.24438pt too wide) in paragraph at lines 28--30
\OT1/cmr/m/it/10 mi
 []


Overfull \hbox (10.22217pt too wide) in paragraph at lines 28--30
\OT1/cmr/m/it/10 ha
 []


Overfull \hbox (13.28879pt too wide) in paragraph at lines 28--30
\OT1/cmr/m/it/10 ac-
 []


Overfull \hbox (20.9554pt too wide) in paragraph at lines 28--30
\OT1/cmr/m/it/10 com-
 []


Overfull \hbox (13.28879pt too wide) in paragraph at lines 28--30
\OT1/cmr/m/it/10 pa-
 []


Overfull \hbox (8.1777pt too wide) in paragraph at lines 28--30
\OT1/cmr/m/it/10 g-
 []


Overfull \hbox (19.16655pt too wide) in paragraph at lines 28--30
\OT1/cmr/m/it/10 nato
 []


Overfull \hbox (11.24438pt too wide) in paragraph at lines 28--30
\OT1/cmr/m/it/10 fin
 []


Overfull \hbox (13.03325pt too wide) in paragraph at lines 28--30
\OT1/cmr/m/it/10 qui
 []


Overfull \hbox (4.59996pt too wide) in paragraph at lines 28--30
\OT1/cmr/m/it/10 e
 []


Overfull \hbox (12.7777pt too wide) in paragraph at lines 28--30
\OT1/cmr/m/it/10 chi
 []


Overfull \hbox (11.24438pt too wide) in paragraph at lines 28--30
\OT1/cmr/m/it/10 mi
 []


Overfull \hbox (13.28879pt too wide) in paragraph at lines 28--30
\OT1/cmr/m/it/10 ac-
 []


Overfull \hbox (20.9554pt too wide) in paragraph at lines 28--30
\OT1/cmr/m/it/10 com-
 []


Overfull \hbox (13.28879pt too wide) in paragraph at lines 28--30
\OT1/cmr/m/it/10 pa-
 []


Overfull \hbox (8.1777pt too wide) in paragraph at lines 28--30
\OT1/cmr/m/it/10 g-
 []


Overfull \hbox (14.43878pt too wide) in paragraph at lines 28--30
\OT1/cmr/m/it/10 ner
 []


Overfull \hbox (12.7777pt too wide) in paragraph at lines 28--30
\OT1/cmr/m/it/10 nel
 []


Overfull \hbox (43.31636pt too wide) in paragraph at lines 28--30
\OT1/cmr/m/it/10 prosieguo. 
 []


! LaTeX Error: Missing \begin{document}.

See the LaTeX manual or LaTeX Companion for explanation.
Type  H <return>  for immediate help.
 ...                                              
                                                  
l.31 \noindent
              \textit{\myTime}
You're in trouble here.  Try typing  <return>  to proceed.
If that doesn't work, type  X <return>  to quit.

! Undefined control sequence.
<recently read> \myTime 
                        
l.31 \noindent\textit{\myTime}
                              
The control sequence at the end of the top line
of your error message was never \def'ed. If you have
misspelled it (e.g., `\hobx'), type `I' and the correct
spelling (e.g., `I\hbox'). Otherwise just continue,
and I'll forget about whatever was undefined.

! Undefined control sequence.
l.32 \hfill \myName
                   
The control sequence at the end of the top line
of your error message was never \def'ed. If you have
misspelled it (e.g., `\hobx'), type `I' and the correct
spelling (e.g., `I\hbox'). Otherwise just continue,
and I'll forget about whatever was undefined.

)
! Emergency stop.
<*> ./Ringraziamenti.tex
                        
*** (job aborted, no legal \end found)

 
Here is how much of TeX's memory you used:
 16 strings out of 493634
 228 string characters out of 3143741
 56604 words of memory out of 3000000
 3497 multiletter control sequences out of 15000+200000
 4335 words of font info for 16 fonts, out of 3000000 for 9000
 1025 hyphenation exceptions out of 8191
 22i,4n,15p,448b,143s stack positions out of 5000i,500n,10000p,200000b,50000s
!  ==> Fatal error occurred, no output PDF file produced!
